{"C:\\Users\\delaf\\GitHub\\CineMatch-P2-Frontend\\src\\routeTree.gen.ts": {"path":"C:\\Users\\delaf\\GitHub\\CineMatch-P2-Frontend\\src\\routeTree.gen.ts","statementMap":{"0":{"start":{"line":11,"column":0},"end":{"line":11,"column":56}},"1":{"start":{"line":15,"column":0},"end":{"line":15,"column":52}},"2":{"start":{"line":16,"column":0},"end":{"line":16,"column":71}},"3":{"start":{"line":17,"column":0},"end":{"line":17,"column":63}},"4":{"start":{"line":18,"column":0},"end":{"line":18,"column":74}},"5":{"start":{"line":19,"column":0},"end":{"line":19,"column":88}},"6":{"start":{"line":20,"column":0},"end":{"line":20,"column":82}},"7":{"start":{"line":24,"column":21},"end":{"line":24,"column":51}},"8":{"start":{"line":25,"column":19},"end":{"line":25,"column":47}},"9":{"start":{"line":29,"column":20},"end":{"line":32,"column":9}},"10":{"start":{"line":31,"column":24},"end":{"line":31,"column":33}},"11":{"start":{"line":34,"column":18},"end":{"line":37,"column":9}},"12":{"start":{"line":36,"column":24},"end":{"line":36,"column":33}},"13":{"start":{"line":39,"column":26},"end":{"line":42,"column":9}},"14":{"start":{"line":41,"column":24},"end":{"line":41,"column":35}},"15":{"start":{"line":44,"column":22},"end":{"line":47,"column":9}},"16":{"start":{"line":46,"column":24},"end":{"line":46,"column":33}},"17":{"start":{"line":49,"column":27},"end":{"line":53,"column":9}},"18":{"start":{"line":52,"column":24},"end":{"line":52,"column":37}},"19":{"start":{"line":55,"column":34},"end":{"line":59,"column":9}},"20":{"start":{"line":58,"column":24},"end":{"line":58,"column":41}},"21":{"start":{"line":61,"column":31},"end":{"line":65,"column":9}},"22":{"start":{"line":64,"column":24},"end":{"line":64,"column":41}},"23":{"start":{"line":129,"column":53},"end":{"line":131,"column":null}},"24":{"start":{"line":133,"column":34},"end":{"line":134,"column":null}},"25":{"start":{"line":141,"column":45},"end":{"line":143,"column":null}},"26":{"start":{"line":145,"column":30},"end":{"line":145,"column":75}},"27":{"start":{"line":152,"column":61},"end":{"line":155,"column":null}},"28":{"start":{"line":157,"column":38},"end":{"line":158,"column":null}},"29":{"start":{"line":165,"column":49},"end":{"line":167,"column":null}},"30":{"start":{"line":170,"column":2},"end":{"line":170,"column":51}},"31":{"start":{"line":217,"column":45},"end":{"line":220,"column":null}},"32":{"start":{"line":222,"column":13},"end":{"line":224,"column":null}}},"fnMap":{"0":{"name":"(anonymous_0)","decl":{"start":{"line":31,"column":18},"end":{"line":31,"column":21}},"loc":{"start":{"line":31,"column":24},"end":{"line":31,"column":33}}},"1":{"name":"(anonymous_1)","decl":{"start":{"line":36,"column":18},"end":{"line":36,"column":21}},"loc":{"start":{"line":36,"column":24},"end":{"line":36,"column":33}}},"2":{"name":"(anonymous_2)","decl":{"start":{"line":41,"column":18},"end":{"line":41,"column":21}},"loc":{"start":{"line":41,"column":24},"end":{"line":41,"column":35}}},"3":{"name":"(anonymous_3)","decl":{"start":{"line":46,"column":18},"end":{"line":46,"column":21}},"loc":{"start":{"line":46,"column":24},"end":{"line":46,"column":33}}},"4":{"name":"(anonymous_4)","decl":{"start":{"line":52,"column":18},"end":{"line":52,"column":21}},"loc":{"start":{"line":52,"column":24},"end":{"line":52,"column":37}}},"5":{"name":"(anonymous_5)","decl":{"start":{"line":58,"column":18},"end":{"line":58,"column":21}},"loc":{"start":{"line":58,"column":24},"end":{"line":58,"column":41}}},"6":{"name":"(anonymous_6)","decl":{"start":{"line":64,"column":18},"end":{"line":64,"column":21}},"loc":{"start":{"line":64,"column":24},"end":{"line":64,"column":41}}}},"branchMap":{},"s":{"0":0,"1":0,"2":0,"3":0,"4":0,"5":0,"6":0,"7":0,"8":0,"9":0,"10":0,"11":0,"12":0,"13":0,"14":0,"15":0,"16":0,"17":0,"18":0,"19":0,"20":0,"21":0,"22":0,"23":0,"24":0,"25":0,"26":0,"27":0,"28":0,"29":0,"30":0,"31":0,"32":0},"f":{"0":0,"1":0,"2":0,"3":0,"4":0,"5":0,"6":0},"b":{}}
,"C:\\Users\\delaf\\GitHub\\CineMatch-P2-Frontend\\src\\components\\user-dropdown.tsx": {"path":"C:\\Users\\delaf\\GitHub\\CineMatch-P2-Frontend\\src\\components\\user-dropdown.tsx","statementMap":{"0":{"start":{"line":1,"column":0},"end":{"line":1,"column":null}},"1":{"start":{"line":7,"column":0},"end":{"line":7,"column":45}},"2":{"start":{"line":8,"column":0},"end":{"line":8,"column":49}},"3":{"start":{"line":9,"column":0},"end":{"line":9,"column":38}},"4":{"start":{"line":10,"column":0},"end":{"line":10,"column":61}},"5":{"start":{"line":12,"column":28},"end":{"line":41,"column":1}},"6":{"start":{"line":13,"column":40},"end":{"line":13,"column":52}},"7":{"start":{"line":14,"column":29},"end":{"line":14,"column":40}},"8":{"start":{"line":16,"column":23},"end":{"line":20,"column":4}},"9":{"start":{"line":16,"column":34},"end":{"line":20,"column":4}},"10":{"start":{"line":17,"column":15},"end":{"line":17,"column":36}},"11":{"start":{"line":18,"column":4},"end":{"line":18,"column":20}},"12":{"start":{"line":18,"column":13},"end":{"line":18,"column":20}},"13":{"start":{"line":19,"column":4},"end":{"line":19,"column":13}},"14":{"start":{"line":21,"column":2},"end":{"line":40,"column":4}},"15":{"start":{"line":12,"column":13},"end":{"line":12,"column":28}}},"fnMap":{"0":{"name":"(anonymous_7)","decl":{"start":{"line":12,"column":28},"end":{"line":12,"column":31}},"loc":{"start":{"line":12,"column":33},"end":{"line":41,"column":1}}},"1":{"name":"(anonymous_8)","decl":{"start":{"line":16,"column":23},"end":{"line":16,"column":32}},"loc":{"start":{"line":16,"column":34},"end":{"line":20,"column":4}}},"2":{"name":"(anonymous_9)","decl":{"start":{"line":16,"column":34},"end":{"line":16,"column":null}},"loc":{"start":{"line":16,"column":34},"end":{"line":20,"column":3}}}},"branchMap":{"0":{"loc":{"start":{"line":18,"column":4},"end":{"line":18,"column":20}},"type":"if","locations":[{"start":{"line":18,"column":4},"end":{"line":18,"column":20}}]}},"s":{"0":0,"1":0,"2":0,"3":0,"4":0,"5":0,"6":0,"7":0,"8":0,"9":0,"10":0,"11":0,"12":0,"13":0,"14":0,"15":0},"f":{"0":0,"1":0,"2":0},"b":{"0":[0]}}
,"C:\\Users\\delaf\\GitHub\\CineMatch-P2-Frontend\\src\\components\\user-profile.tsx": {"path":"C:\\Users\\delaf\\GitHub\\CineMatch-P2-Frontend\\src\\components\\user-profile.tsx","statementMap":{"0":{"start":{"line":1,"column":0},"end":{"line":1,"column":64}},"1":{"start":{"line":2,"column":0},"end":{"line":2,"column":57}},"2":{"start":{"line":4,"column":27},"end":{"line":17,"column":1}},"3":{"start":{"line":5,"column":25},"end":{"line":5,"column":34}},"4":{"start":{"line":7,"column":22},"end":{"line":10,"column":3}},"5":{"start":{"line":8,"column":4},"end":{"line":8,"column":25}},"6":{"start":{"line":8,"column":15},"end":{"line":8,"column":25}},"7":{"start":{"line":9,"column":4},"end":{"line":9,"column":45}},"8":{"start":{"line":12,"column":2},"end":{"line":16,"column":4}},"9":{"start":{"line":4,"column":13},"end":{"line":4,"column":27}}},"fnMap":{"0":{"name":"(anonymous_0)","decl":{"start":{"line":4,"column":27},"end":{"line":4,"column":30}},"loc":{"start":{"line":4,"column":32},"end":{"line":17,"column":1}}},"1":{"name":"(anonymous_1)","decl":{"start":{"line":7,"column":22},"end":{"line":7,"column":23}},"loc":{"start":{"line":7,"column":39},"end":{"line":10,"column":3}}}},"branchMap":{"0":{"loc":{"start":{"line":8,"column":4},"end":{"line":8,"column":25}},"type":"if","locations":[{"start":{"line":8,"column":4},"end":{"line":8,"column":25}}]},"1":{"loc":{"start":{"line":14,"column":36},"end":{"line":14,"column":56}},"type":"cond-expr","locations":[{"start":{"line":14,"column":50},"end":{"line":14,"column":54}},{"start":{"line":14,"column":54},"end":{"line":14,"column":56}}]},"2":{"loc":{"start":{"line":14,"column":36},"end":{"line":14,"column":54}},"type":"binary-expr","locations":[{"start":{"line":14,"column":36},"end":{"line":14,"column":54}},{"start":{"line":14,"column":50},"end":{"line":14,"column":54}}]},"3":{"loc":{"start":{"line":14,"column":36},"end":{"line":14,"column":50}},"type":"cond-expr","locations":[{"start":{"line":14,"column":40},"end":{"line":14,"column":42}},{"start":{"line":14,"column":36},"end":{"line":14,"column":50}}]},"4":{"loc":{"start":{"line":14,"column":36},"end":{"line":14,"column":42}},"type":"binary-expr","locations":[{"start":{"line":14,"column":36},"end":{"line":14,"column":42}},{"start":{"line":14,"column":36},"end":{"line":14,"column":42}}]}},"s":{"0":0,"1":0,"2":0,"3":0,"4":0,"5":0,"6":0,"7":0,"8":0,"9":0},"f":{"0":0,"1":0},"b":{"0":[0],"1":[0,0],"2":[0,0],"3":[0,0],"4":[0,0]}}
,"C:\\Users\\delaf\\GitHub\\CineMatch-P2-Frontend\\src\\components\\shared\\navbar.tsx": {"path":"C:\\Users\\delaf\\GitHub\\CineMatch-P2-Frontend\\src\\components\\shared\\navbar.tsx","statementMap":{"0":{"start":{"line":1,"column":0},"end":{"line":1,"column":47}},"1":{"start":{"line":3,"column":22},"end":{"line":16,"column":1}},"2":{"start":{"line":4,"column":2},"end":{"line":15,"column":null}},"3":{"start":{"line":3,"column":13},"end":{"line":3,"column":22}}},"fnMap":{"0":{"name":"(anonymous_0)","decl":{"start":{"line":3,"column":22},"end":{"line":3,"column":25}},"loc":{"start":{"line":3,"column":27},"end":{"line":16,"column":1}}}},"branchMap":{},"s":{"0":0,"1":0,"2":0,"3":0},"f":{"0":0},"b":{}}
,"C:\\Users\\delaf\\GitHub\\CineMatch-P2-Frontend\\src\\components\\shared\\requirement.tsx": {"path":"C:\\Users\\delaf\\GitHub\\CineMatch-P2-Frontend\\src\\components\\shared\\requirement.tsx","statementMap":{"0":{"start":{"line":2,"column":0},"end":{"line":2,"column":39}},"1":{"start":{"line":9,"column":27},"end":{"line":16,"column":1}},"2":{"start":{"line":10,"column":2},"end":{"line":15,"column":null}},"3":{"start":{"line":9,"column":13},"end":{"line":9,"column":27}}},"fnMap":{"0":{"name":"(anonymous_0)","decl":{"start":{"line":9,"column":27},"end":{"line":9,"column":28}},"loc":{"start":{"line":9,"column":74},"end":{"line":16,"column":1}}}},"branchMap":{"0":{"loc":{"start":{"line":12,"column":8},"end":{"line":12,"column":90}},"type":"cond-expr","locations":[{"start":{"line":12,"column":21},"end":{"line":12,"column":57}},{"start":{"line":12,"column":60},"end":{"line":12,"column":90}}]}},"s":{"0":0,"1":0,"2":0,"3":0},"f":{"0":0},"b":{"0":[0,0]}}
,"C:\\Users\\delaf\\GitHub\\CineMatch-P2-Frontend\\src\\components\\shared\\sidebar\\app-sidebar.tsx": {"path":"C:\\Users\\delaf\\GitHub\\CineMatch-P2-Frontend\\src\\components\\shared\\sidebar\\app-sidebar.tsx","statementMap":{"0":{"start":{"line":1,"column":0},"end":{"line":1,"column":47}},"1":{"start":{"line":2,"column":0},"end":{"line":2,"column":51}},"2":{"start":{"line":3,"column":0},"end":{"line":3,"column":36}},"3":{"start":{"line":4,"column":0},"end":{"line":4,"column":45}},"4":{"start":{"line":5,"column":0},"end":{"line":5,"column":47}},"5":{"start":{"line":7,"column":26},"end":{"line":18,"column":1}},"6":{"start":{"line":8,"column":4},"end":{"line":17,"column":null}},"7":{"start":{"line":7,"column":13},"end":{"line":7,"column":26}}},"fnMap":{"0":{"name":"(anonymous_0)","decl":{"start":{"line":7,"column":26},"end":{"line":7,"column":29}},"loc":{"start":{"line":7,"column":31},"end":{"line":18,"column":1}}}},"branchMap":{},"s":{"0":0,"1":0,"2":0,"3":0,"4":0,"5":0,"6":0,"7":0},"f":{"0":0},"b":{}}
,"C:\\Users\\delaf\\GitHub\\CineMatch-P2-Frontend\\src\\components\\shared\\sidebar\\sidebar-container.tsx": {"path":"C:\\Users\\delaf\\GitHub\\CineMatch-P2-Frontend\\src\\components\\shared\\sidebar\\sidebar-container.tsx","statementMap":{"0":{"start":{"line":1,"column":0},"end":{"line":1,"column":59}},"1":{"start":{"line":8,"column":32},"end":{"line":12,"column":1}},"2":{"start":{"line":9,"column":22},"end":{"line":9,"column":39}},"3":{"start":{"line":10,"column":2},"end":{"line":10,"column":28}},"4":{"start":{"line":10,"column":16},"end":{"line":10,"column":28}},"5":{"start":{"line":11,"column":2},"end":{"line":11,"column":31}},"6":{"start":{"line":8,"column":13},"end":{"line":8,"column":32}}},"fnMap":{"0":{"name":"(anonymous_0)","decl":{"start":{"line":8,"column":32},"end":{"line":8,"column":33}},"loc":{"start":{"line":8,"column":72},"end":{"line":12,"column":1}}}},"branchMap":{"0":{"loc":{"start":{"line":10,"column":2},"end":{"line":10,"column":28}},"type":"if","locations":[{"start":{"line":10,"column":2},"end":{"line":10,"column":28}}]}},"s":{"0":0,"1":0,"2":0,"3":0,"4":0,"5":0,"6":0},"f":{"0":0},"b":{"0":[0]}}
,"C:\\Users\\delaf\\GitHub\\CineMatch-P2-Frontend\\src\\components\\shared\\sidebar\\sidebar-content.tsx": {"path":"C:\\Users\\delaf\\GitHub\\CineMatch-P2-Frontend\\src\\components\\shared\\sidebar\\sidebar-content.tsx","statementMap":{"0":{"start":{"line":7,"column":30},"end":{"line":9,"column":1}},"1":{"start":{"line":8,"column":2},"end":{"line":8,"column":31}},"2":{"start":{"line":7,"column":13},"end":{"line":7,"column":30}}},"fnMap":{"0":{"name":"(anonymous_0)","decl":{"start":{"line":7,"column":30},"end":{"line":7,"column":31}},"loc":{"start":{"line":7,"column":61},"end":{"line":9,"column":1}}}},"branchMap":{},"s":{"0":0,"1":0,"2":0},"f":{"0":0},"b":{}}
,"C:\\Users\\delaf\\GitHub\\CineMatch-P2-Frontend\\src\\components\\shared\\sidebar\\sidebar-group.tsx": {"path":"C:\\Users\\delaf\\GitHub\\CineMatch-P2-Frontend\\src\\components\\shared\\sidebar\\sidebar-group.tsx","statementMap":{"0":{"start":{"line":1,"column":0},"end":{"line":1,"column":59}},"1":{"start":{"line":2,"column":0},"end":{"line":2,"column":33}},"2":{"start":{"line":8,"column":28},"end":{"line":20,"column":1}},"3":{"start":{"line":9,"column":21},"end":{"line":9,"column":38}},"4":{"start":{"line":10,"column":2},"end":{"line":19,"column":4}},"5":{"start":{"line":8,"column":13},"end":{"line":8,"column":28}}},"fnMap":{"0":{"name":"(anonymous_0)","decl":{"start":{"line":8,"column":28},"end":{"line":8,"column":29}},"loc":{"start":{"line":8,"column":63},"end":{"line":20,"column":1}}}},"branchMap":{"0":{"loc":{"start":{"line":14,"column":8},"end":{"line":14,"column":64}},"type":"cond-expr","locations":[{"start":{"line":14,"column":17},"end":{"line":14,"column":30}},{"start":{"line":14,"column":33},"end":{"line":14,"column":64}}]}},"s":{"0":0,"1":0,"2":0,"3":0,"4":0,"5":0},"f":{"0":0},"b":{"0":[0,0]}}
,"C:\\Users\\delaf\\GitHub\\CineMatch-P2-Frontend\\src\\components\\shared\\sidebar\\sidebar-item.tsx": {"path":"C:\\Users\\delaf\\GitHub\\CineMatch-P2-Frontend\\src\\components\\shared\\sidebar\\sidebar-item.tsx","statementMap":{"0":{"start":{"line":1,"column":0},"end":{"line":1,"column":48}},"1":{"start":{"line":2,"column":0},"end":{"line":2,"column":46}},"2":{"start":{"line":11,"column":27},"end":{"line":22,"column":1}},"3":{"start":{"line":12,"column":4},"end":{"line":21,"column":6}},"4":{"start":{"line":11,"column":13},"end":{"line":11,"column":27}}},"fnMap":{"0":{"name":"(anonymous_0)","decl":{"start":{"line":11,"column":27},"end":{"line":11,"column":28}},"loc":{"start":{"line":11,"column":77},"end":{"line":22,"column":1}}}},"branchMap":{},"s":{"0":0,"1":0,"2":0,"3":0,"4":0},"f":{"0":0},"b":{}}
,"C:\\Users\\delaf\\GitHub\\CineMatch-P2-Frontend\\src\\components\\shared\\sidebar\\sidebar-main-wrapper.tsx": {"path":"C:\\Users\\delaf\\GitHub\\CineMatch-P2-Frontend\\src\\components\\shared\\sidebar\\sidebar-main-wrapper.tsx","statementMap":{"0":{"start":{"line":1,"column":0},"end":{"line":1,"column":48}},"1":{"start":{"line":2,"column":0},"end":{"line":2,"column":59}},"2":{"start":{"line":3,"column":0},"end":{"line":3,"column":33}},"3":{"start":{"line":4,"column":0},"end":{"line":4,"column":39}},"4":{"start":{"line":9,"column":34},"end":{"line":25,"column":1}},"5":{"start":{"line":10,"column":29},"end":{"line":10,"column":46}},"6":{"start":{"line":12,"column":2},"end":{"line":24,"column":4}},"7":{"start":{"line":9,"column":13},"end":{"line":9,"column":34}}},"fnMap":{"0":{"name":"(anonymous_0)","decl":{"start":{"line":9,"column":34},"end":{"line":9,"column":35}},"loc":{"start":{"line":9,"column":71},"end":{"line":25,"column":1}}}},"branchMap":{"0":{"loc":{"start":{"line":13,"column":23},"end":{"line":13,"column":48}},"type":"cond-expr","locations":[{"start":{"line":13,"column":32},"end":{"line":13,"column":39}},{"start":{"line":13,"column":42},"end":{"line":13,"column":48}}]}},"s":{"0":0,"1":0,"2":0,"3":0,"4":0,"5":0,"6":0,"7":0},"f":{"0":0},"b":{"0":[0,0]}}
,"C:\\Users\\delaf\\GitHub\\CineMatch-P2-Frontend\\src\\components\\shared\\sidebar\\sidebar.tsx": {"path":"C:\\Users\\delaf\\GitHub\\CineMatch-P2-Frontend\\src\\components\\shared\\sidebar\\sidebar.tsx","statementMap":{"0":{"start":{"line":1,"column":0},"end":{"line":1,"column":59}},"1":{"start":{"line":2,"column":0},"end":{"line":2,"column":33}},"2":{"start":{"line":8,"column":23},"end":{"line":20,"column":1}},"3":{"start":{"line":9,"column":21},"end":{"line":9,"column":38}},"4":{"start":{"line":11,"column":2},"end":{"line":19,"column":4}},"5":{"start":{"line":8,"column":13},"end":{"line":8,"column":23}}},"fnMap":{"0":{"name":"(anonymous_0)","decl":{"start":{"line":8,"column":23},"end":{"line":8,"column":24}},"loc":{"start":{"line":8,"column":54},"end":{"line":20,"column":1}}}},"branchMap":{"0":{"loc":{"start":{"line":15,"column":6},"end":{"line":15,"column":49}},"type":"cond-expr","locations":[{"start":{"line":15,"column":15},"end":{"line":15,"column":41}},{"start":{"line":15,"column":44},"end":{"line":15,"column":49}}]}},"s":{"0":0,"1":0,"2":0,"3":0,"4":0,"5":0},"f":{"0":0},"b":{"0":[0,0]}}
,"C:\\Users\\delaf\\GitHub\\CineMatch-P2-Frontend\\src\\features\\auth\\hooks\\use-auth.ts": {"path":"C:\\Users\\delaf\\GitHub\\CineMatch-P2-Frontend\\src\\features\\auth\\hooks\\use-auth.ts","statementMap":{"0":{"start":{"line":1,"column":0},"end":{"line":1,"column":50}},"1":{"start":{"line":2,"column":0},"end":{"line":2,"column":48}},"2":{"start":{"line":5,"column":23},"end":{"line":18,"column":1}},"3":{"start":{"line":6,"column":4},"end":{"line":17,"column":7}},"4":{"start":{"line":8,"column":49},"end":{"line":16,"column":null}},"5":{"start":{"line":9,"column":12},"end":{"line":15,"column":13}},"6":{"start":{"line":10,"column":29},"end":{"line":10,"column":69}},"7":{"start":{"line":11,"column":16},"end":{"line":11,"column":33}},"8":{"start":{"line":13,"column":16},"end":{"line":13,"column":37}},"9":{"start":{"line":14,"column":16},"end":{"line":14,"column":28}},"10":{"start":{"line":5,"column":13},"end":{"line":5,"column":23}}},"fnMap":{"0":{"name":"(anonymous_7)","decl":{"start":{"line":5,"column":23},"end":{"line":5,"column":26}},"loc":{"start":{"line":5,"column":28},"end":{"line":18,"column":1}}},"1":{"name":"(anonymous_8)","decl":{"start":{"line":8,"column":17},"end":{"line":8,"column":47}},"loc":{"start":{"line":8,"column":49},"end":{"line":16,"column":null}}},"2":{"name":"(anonymous_9)","decl":{"start":{"line":8,"column":49},"end":{"line":8,"column":null}},"loc":{"start":{"line":8,"column":49},"end":{"line":16,"column":9}}}},"branchMap":{},"s":{"0":0,"1":0,"2":0,"3":0,"4":0,"5":0,"6":0,"7":0,"8":0,"9":0,"10":0},"f":{"0":0,"1":0,"2":0},"b":{}}
,"C:\\Users\\delaf\\GitHub\\CineMatch-P2-Frontend\\src\\features\\auth\\hooks\\use-login.ts": {"path":"C:\\Users\\delaf\\GitHub\\CineMatch-P2-Frontend\\src\\features\\auth\\hooks\\use-login.ts","statementMap":{"0":{"start":{"line":1,"column":0},"end":{"line":1,"column":51}},"1":{"start":{"line":3,"column":0},"end":{"line":3,"column":50}},"2":{"start":{"line":4,"column":0},"end":{"line":4,"column":30}},"3":{"start":{"line":5,"column":0},"end":{"line":5,"column":52}},"4":{"start":{"line":6,"column":0},"end":{"line":6,"column":34}},"5":{"start":{"line":8,"column":24},"end":{"line":30,"column":1}},"6":{"start":{"line":9,"column":21},"end":{"line":9,"column":34}},"7":{"start":{"line":11,"column":4},"end":{"line":29,"column":7}},"8":{"start":{"line":12,"column":54},"end":{"line":15,"column":null}},"9":{"start":{"line":13,"column":25},"end":{"line":13,"column":72}},"10":{"start":{"line":14,"column":12},"end":{"line":14,"column":29}},"11":{"start":{"line":18,"column":12},"end":{"line":18,"column":44}},"12":{"start":{"line":19,"column":12},"end":{"line":19,"column":null}},"13":{"start":{"line":23,"column":12},"end":{"line":23,"column":33}},"14":{"start":{"line":24,"column":12},"end":{"line":26,"column":13}},"15":{"start":{"line":25,"column":16},"end":{"line":25,"column":58}},"16":{"start":{"line":8,"column":13},"end":{"line":8,"column":24}}},"fnMap":{"0":{"name":"(anonymous_7)","decl":{"start":{"line":8,"column":24},"end":{"line":8,"column":27}},"loc":{"start":{"line":8,"column":29},"end":{"line":30,"column":1}}},"1":{"name":"(anonymous_8)","decl":{"start":{"line":12,"column":20},"end":{"line":12,"column":27}},"loc":{"start":{"line":12,"column":54},"end":{"line":15,"column":null}}},"2":{"name":"(anonymous_9)","decl":{"start":{"line":12,"column":54},"end":{"line":12,"column":null}},"loc":{"start":{"line":12,"column":54},"end":{"line":15,"column":9}}},"3":{"name":"(anonymous_10)","decl":{"start":{"line":17,"column":19},"end":{"line":17,"column":22}},"loc":{"start":{"line":17,"column":24},"end":{"line":20,"column":9}}},"4":{"name":"(anonymous_11)","decl":{"start":{"line":22,"column":17},"end":{"line":22,"column":18}},"loc":{"start":{"line":22,"column":27},"end":{"line":27,"column":9}}}},"branchMap":{"0":{"loc":{"start":{"line":24,"column":12},"end":{"line":26,"column":13}},"type":"if","locations":[{"start":{"line":24,"column":12},"end":{"line":26,"column":13}}]},"1":{"loc":{"start":{"line":25,"column":28},"end":{"line":25,"column":56}},"type":"cond-expr","locations":[{"start":{"line":25,"column":42},"end":{"line":25,"column":44}},{"start":{"line":25,"column":42},"end":{"line":25,"column":56}}]},"2":{"loc":{"start":{"line":25,"column":28},"end":{"line":25,"column":44}},"type":"binary-expr","locations":[{"start":{"line":25,"column":28},"end":{"line":25,"column":44}},{"start":{"line":25,"column":42},"end":{"line":25,"column":44}}]}},"s":{"0":0,"1":0,"2":0,"3":0,"4":0,"5":0,"6":0,"7":0,"8":0,"9":0,"10":0,"11":0,"12":0,"13":0,"14":0,"15":0,"16":0},"f":{"0":0,"1":0,"2":0,"3":0,"4":0},"b":{"0":[0],"1":[0,0],"2":[0,0]}}
,"C:\\Users\\delaf\\GitHub\\CineMatch-P2-Frontend\\src\\features\\auth\\hooks\\use-logout.ts": {"path":"C:\\Users\\delaf\\GitHub\\CineMatch-P2-Frontend\\src\\features\\auth\\hooks\\use-logout.ts","statementMap":{"0":{"start":{"line":1,"column":0},"end":{"line":1,"column":51}},"1":{"start":{"line":2,"column":0},"end":{"line":2,"column":68}},"2":{"start":{"line":3,"column":0},"end":{"line":3,"column":52}},"3":{"start":{"line":4,"column":0},"end":{"line":4,"column":35}},"4":{"start":{"line":5,"column":0},"end":{"line":5,"column":31}},"5":{"start":{"line":7,"column":25},"end":{"line":30,"column":1}},"6":{"start":{"line":8,"column":21},"end":{"line":8,"column":34}},"7":{"start":{"line":9,"column":24},"end":{"line":9,"column":40}},"8":{"start":{"line":11,"column":4},"end":{"line":29,"column":7}},"9":{"start":{"line":12,"column":31},"end":{"line":15,"column":null}},"10":{"start":{"line":13,"column":25},"end":{"line":13,"column":65}},"11":{"start":{"line":14,"column":12},"end":{"line":14,"column":null}},"12":{"start":{"line":17,"column":12},"end":{"line":19,"column":15}},"13":{"start":{"line":20,"column":12},"end":{"line":20,"column":53}},"14":{"start":{"line":21,"column":12},"end":{"line":21,"column":null}},"15":{"start":{"line":24,"column":12},"end":{"line":24,"column":31}},"16":{"start":{"line":25,"column":12},"end":{"line":27,"column":13}},"17":{"start":{"line":26,"column":16},"end":{"line":26,"column":null}},"18":{"start":{"line":7,"column":13},"end":{"line":7,"column":25}}},"fnMap":{"0":{"name":"(anonymous_7)","decl":{"start":{"line":7,"column":25},"end":{"line":7,"column":28}},"loc":{"start":{"line":7,"column":30},"end":{"line":30,"column":1}}},"1":{"name":"(anonymous_8)","decl":{"start":{"line":12,"column":20},"end":{"line":12,"column":29}},"loc":{"start":{"line":12,"column":31},"end":{"line":15,"column":null}}},"2":{"name":"(anonymous_9)","decl":{"start":{"line":12,"column":31},"end":{"line":12,"column":null}},"loc":{"start":{"line":12,"column":31},"end":{"line":15,"column":9}}},"3":{"name":"(anonymous_10)","decl":{"start":{"line":16,"column":19},"end":{"line":16,"column":22}},"loc":{"start":{"line":16,"column":24},"end":{"line":22,"column":9}}},"4":{"name":"(anonymous_11)","decl":{"start":{"line":23,"column":17},"end":{"line":23,"column":18}},"loc":{"start":{"line":23,"column":27},"end":{"line":28,"column":9}}}},"branchMap":{"0":{"loc":{"start":{"line":25,"column":12},"end":{"line":27,"column":13}},"type":"if","locations":[{"start":{"line":25,"column":12},"end":{"line":27,"column":13}}]},"1":{"loc":{"start":{"line":26,"column":28},"end":{"line":26,"column":79}},"type":"binary-expr","locations":[{"start":{"line":26,"column":28},"end":{"line":26,"column":56}},{"start":{"line":26,"column":60},"end":{"line":26,"column":79}}]},"2":{"loc":{"start":{"line":26,"column":28},"end":{"line":26,"column":56}},"type":"cond-expr","locations":[{"start":{"line":26,"column":42},"end":{"line":26,"column":44}},{"start":{"line":26,"column":42},"end":{"line":26,"column":56}}]},"3":{"loc":{"start":{"line":26,"column":28},"end":{"line":26,"column":44}},"type":"binary-expr","locations":[{"start":{"line":26,"column":28},"end":{"line":26,"column":44}},{"start":{"line":26,"column":42},"end":{"line":26,"column":44}}]}},"s":{"0":0,"1":0,"2":0,"3":0,"4":0,"5":0,"6":0,"7":0,"8":0,"9":0,"10":0,"11":0,"12":0,"13":0,"14":0,"15":0,"16":0,"17":0,"18":0},"f":{"0":0,"1":0,"2":0,"3":0,"4":0},"b":{"0":[0],"1":[0,0],"2":[0,0],"3":[0,0]}}
,"C:\\Users\\delaf\\GitHub\\CineMatch-P2-Frontend\\src\\features\\auth\\hooks\\use-password-validation.ts": {"path":"C:\\Users\\delaf\\GitHub\\CineMatch-P2-Frontend\\src\\features\\auth\\hooks\\use-password-validation.ts","statementMap":{"0":{"start":{"line":1,"column":0},"end":{"line":1,"column":31}},"1":{"start":{"line":3,"column":36},"end":{"line":25,"column":1}},"2":{"start":{"line":4,"column":25},"end":{"line":7,"column":19}},"3":{"start":{"line":5,"column":20},"end":{"line":5,"column":33}},"4":{"start":{"line":6,"column":6},"end":{"line":6,"column":34}},"5":{"start":{"line":9,"column":26},"end":{"line":12,"column":19}},"6":{"start":{"line":10,"column":20},"end":{"line":10,"column":33}},"7":{"start":{"line":11,"column":6},"end":{"line":11,"column":34}},"8":{"start":{"line":14,"column":23},"end":{"line":17,"column":19}},"9":{"start":{"line":15,"column":20},"end":{"line":15,"column":33}},"10":{"start":{"line":16,"column":6},"end":{"line":16,"column":34}},"11":{"start":{"line":19,"column":33},"end":{"line":22,"column":19}},"12":{"start":{"line":20,"column":20},"end":{"line":20,"column":38}},"13":{"start":{"line":21,"column":6},"end":{"line":21,"column":34}},"14":{"start":{"line":24,"column":5},"end":{"line":24,"column":null}},"15":{"start":{"line":3,"column":13},"end":{"line":3,"column":36}}},"fnMap":{"0":{"name":"(anonymous_0)","decl":{"start":{"line":3,"column":36},"end":{"line":3,"column":37}},"loc":{"start":{"line":3,"column":57},"end":{"line":25,"column":1}}},"1":{"name":"(anonymous_1)","decl":{"start":{"line":4,"column":33},"end":{"line":4,"column":36}},"loc":{"start":{"line":4,"column":38},"end":{"line":7,"column":6}}},"2":{"name":"(anonymous_2)","decl":{"start":{"line":9,"column":34},"end":{"line":9,"column":37}},"loc":{"start":{"line":9,"column":39},"end":{"line":12,"column":6}}},"3":{"name":"(anonymous_3)","decl":{"start":{"line":14,"column":31},"end":{"line":14,"column":34}},"loc":{"start":{"line":14,"column":36},"end":{"line":17,"column":6}}},"4":{"name":"(anonymous_4)","decl":{"start":{"line":19,"column":41},"end":{"line":19,"column":44}},"loc":{"start":{"line":19,"column":46},"end":{"line":22,"column":6}}}},"branchMap":{},"s":{"0":0,"1":0,"2":0,"3":0,"4":0,"5":0,"6":0,"7":0,"8":0,"9":0,"10":0,"11":0,"12":0,"13":0,"14":0,"15":0},"f":{"0":0,"1":0,"2":0,"3":0,"4":0},"b":{}}
,"C:\\Users\\delaf\\GitHub\\CineMatch-P2-Frontend\\src\\features\\auth\\hooks\\use-register.ts": {"path":"C:\\Users\\delaf\\GitHub\\CineMatch-P2-Frontend\\src\\features\\auth\\hooks\\use-register.ts","statementMap":{"0":{"start":{"line":2,"column":0},"end":{"line":2,"column":null}},"1":{"start":{"line":5,"column":0},"end":{"line":5,"column":34}},"2":{"start":{"line":7,"column":0},"end":{"line":7,"column":30}},"3":{"start":{"line":8,"column":0},"end":{"line":8,"column":52}},"4":{"start":{"line":9,"column":0},"end":{"line":9,"column":50}},"5":{"start":{"line":11,"column":27},"end":{"line":30,"column":1}},"6":{"start":{"line":12,"column":19},"end":{"line":12,"column":32}},"7":{"start":{"line":14,"column":2},"end":{"line":29,"column":null}},"8":{"start":{"line":15,"column":51},"end":{"line":18,"column":null}},"9":{"start":{"line":16,"column":23},"end":{"line":16,"column":71}},"10":{"start":{"line":17,"column":6},"end":{"line":17,"column":22}},"11":{"start":{"line":20,"column":6},"end":{"line":20,"column":45}},"12":{"start":{"line":21,"column":6},"end":{"line":21,"column":33}},"13":{"start":{"line":24,"column":6},"end":{"line":27,"column":7}},"14":{"start":{"line":25,"column":8},"end":{"line":25,"column":27}},"15":{"start":{"line":26,"column":8},"end":{"line":26,"column":44}},"16":{"start":{"line":11,"column":13},"end":{"line":11,"column":27}}},"fnMap":{"0":{"name":"(anonymous_7)","decl":{"start":{"line":11,"column":27},"end":{"line":11,"column":30}},"loc":{"start":{"line":11,"column":32},"end":{"line":30,"column":1}}},"1":{"name":"(anonymous_8)","decl":{"start":{"line":15,"column":16},"end":{"line":15,"column":23}},"loc":{"start":{"line":15,"column":51},"end":{"line":18,"column":null}}},"2":{"name":"(anonymous_9)","decl":{"start":{"line":15,"column":51},"end":{"line":15,"column":null}},"loc":{"start":{"line":15,"column":51},"end":{"line":18,"column":5}}},"3":{"name":"(anonymous_10)","decl":{"start":{"line":19,"column":15},"end":{"line":19,"column":18}},"loc":{"start":{"line":19,"column":20},"end":{"line":22,"column":5}}},"4":{"name":"(anonymous_11)","decl":{"start":{"line":23,"column":13},"end":{"line":23,"column":14}},"loc":{"start":{"line":23,"column":23},"end":{"line":28,"column":5}}}},"branchMap":{"0":{"loc":{"start":{"line":24,"column":6},"end":{"line":27,"column":7}},"type":"if","locations":[{"start":{"line":24,"column":6},"end":{"line":27,"column":7}}]},"1":{"loc":{"start":{"line":26,"column":14},"end":{"line":26,"column":42}},"type":"cond-expr","locations":[{"start":{"line":26,"column":28},"end":{"line":26,"column":30}},{"start":{"line":26,"column":28},"end":{"line":26,"column":42}}]},"2":{"loc":{"start":{"line":26,"column":14},"end":{"line":26,"column":30}},"type":"binary-expr","locations":[{"start":{"line":26,"column":14},"end":{"line":26,"column":30}},{"start":{"line":26,"column":28},"end":{"line":26,"column":30}}]}},"s":{"0":0,"1":0,"2":0,"3":0,"4":0,"5":0,"6":0,"7":0,"8":0,"9":0,"10":0,"11":0,"12":0,"13":0,"14":0,"15":0,"16":0},"f":{"0":0,"1":0,"2":0,"3":0,"4":0},"b":{"0":[0],"1":[0,0],"2":[0,0]}}
,"C:\\Users\\delaf\\GitHub\\CineMatch-P2-Frontend\\src\\features\\auth\\schemas\\login-schema.ts": {"path":"C:\\Users\\delaf\\GitHub\\CineMatch-P2-Frontend\\src\\features\\auth\\schemas\\login-schema.ts","statementMap":{"0":{"start":{"line":1,"column":0},"end":{"line":1,"column":23}},"1":{"start":{"line":3,"column":13},"end":{"line":11,"column":null}}},"fnMap":{},"branchMap":{},"s":{"0":0,"1":0},"f":{},"b":{}}
,"C:\\Users\\delaf\\GitHub\\CineMatch-P2-Frontend\\src\\features\\auth\\schemas\\register-schema.ts": {"path":"C:\\Users\\delaf\\GitHub\\CineMatch-P2-Frontend\\src\\features\\auth\\schemas\\register-schema.ts","statementMap":{"0":{"start":{"line":3,"column":0},"end":{"line":3,"column":23}},"1":{"start":{"line":5,"column":13},"end":{"line":16,"column":null}},"2":{"start":{"line":13,"column":19},"end":{"line":13,"column":55}}},"fnMap":{"0":{"name":"(anonymous_0)","decl":{"start":{"line":13,"column":10},"end":{"line":13,"column":15}},"loc":{"start":{"line":13,"column":19},"end":{"line":13,"column":55}}}},"branchMap":{},"s":{"0":0,"1":0,"2":0},"f":{"0":0},"b":{}}
,"C:\\Users\\delaf\\GitHub\\CineMatch-P2-Frontend\\src\\hooks\\use-confirm.tsx": {"path":"C:\\Users\\delaf\\GitHub\\CineMatch-P2-Frontend\\src\\hooks\\use-confirm.tsx","statementMap":{"0":{"start":{"line":1,"column":0},"end":{"line":1,"column":48}},"1":{"start":{"line":2,"column":0},"end":{"line":2,"column":null}},"2":{"start":{"line":10,"column":0},"end":{"line":10,"column":43}},"3":{"start":{"line":20,"column":26},"end":{"line":68,"column":1}},"4":{"start":{"line":24,"column":28},"end":{"line":26,"column":17}},"5":{"start":{"line":28,"column":18},"end":{"line":29,"column":60}},"6":{"start":{"line":29,"column":4},"end":{"line":29,"column":60}},"7":{"start":{"line":29,"column":38},"end":{"line":29,"column":59}},"8":{"start":{"line":30,"column":24},"end":{"line":33,"column":3}},"9":{"start":{"line":31,"column":4},"end":{"line":31,"column":25}},"10":{"start":{"line":32,"column":4},"end":{"line":32,"column":19}},"11":{"start":{"line":34,"column":23},"end":{"line":37,"column":3}},"12":{"start":{"line":35,"column":4},"end":{"line":35,"column":26}},"13":{"start":{"line":36,"column":4},"end":{"line":36,"column":19}},"14":{"start":{"line":39,"column":24},"end":{"line":64,"column":null}},"15":{"start":{"line":46,"column":4},"end":{"line":63,"column":null}},"16":{"start":{"line":46,"column":51},"end":{"line":46,"column":74}},"17":{"start":{"line":67,"column":2},"end":{"line":67,"column":34}},"18":{"start":{"line":20,"column":13},"end":{"line":20,"column":26}}},"fnMap":{"0":{"name":"(anonymous_0)","decl":{"start":{"line":20,"column":26},"end":{"line":20,"column":null}},"loc":{"start":{"line":23,"column":4},"end":{"line":68,"column":1}}},"1":{"name":"(anonymous_1)","decl":{"start":{"line":28,"column":18},"end":{"line":28,"column":21}},"loc":{"start":{"line":29,"column":4},"end":{"line":29,"column":60}}},"2":{"name":"(anonymous_2)","decl":{"start":{"line":29,"column":25},"end":{"line":29,"column":26}},"loc":{"start":{"line":29,"column":38},"end":{"line":29,"column":59}}},"3":{"name":"(anonymous_3)","decl":{"start":{"line":30,"column":24},"end":{"line":30,"column":27}},"loc":{"start":{"line":30,"column":29},"end":{"line":33,"column":3}}},"4":{"name":"(anonymous_4)","decl":{"start":{"line":34,"column":23},"end":{"line":34,"column":26}},"loc":{"start":{"line":34,"column":28},"end":{"line":37,"column":3}}},"5":{"name":"(anonymous_5)","decl":{"start":{"line":39,"column":24},"end":{"line":39,"column":25}},"loc":{"start":{"line":46,"column":4},"end":{"line":63,"column":null}}},"6":{"name":"(anonymous_6)","decl":{"start":{"line":46,"column":41},"end":{"line":46,"column":42}},"loc":{"start":{"line":46,"column":51},"end":{"line":46,"column":74}}}},"branchMap":{"0":{"loc":{"start":{"line":31,"column":4},"end":{"line":31,"column":24}},"type":"cond-expr","locations":[{"start":{"line":31,"column":9},"end":{"line":31,"column":11}},{"start":{"line":31,"column":4},"end":{"line":31,"column":24}}]},"1":{"loc":{"start":{"line":31,"column":4},"end":{"line":31,"column":11}},"type":"binary-expr","locations":[{"start":{"line":31,"column":4},"end":{"line":31,"column":11}},{"start":{"line":31,"column":4},"end":{"line":31,"column":11}}]},"2":{"loc":{"start":{"line":35,"column":4},"end":{"line":35,"column":25}},"type":"cond-expr","locations":[{"start":{"line":35,"column":9},"end":{"line":35,"column":11}},{"start":{"line":35,"column":4},"end":{"line":35,"column":25}}]},"3":{"loc":{"start":{"line":35,"column":4},"end":{"line":35,"column":11}},"type":"binary-expr","locations":[{"start":{"line":35,"column":4},"end":{"line":35,"column":11}},{"start":{"line":35,"column":4},"end":{"line":35,"column":11}}]},"4":{"loc":{"start":{"line":42,"column":4},"end":{"line":42,"column":28}},"type":"default-arg","locations":[{"start":{"line":42,"column":19},"end":{"line":42,"column":28}}]},"5":{"loc":{"start":{"line":43,"column":4},"end":{"line":43,"column":26}},"type":"default-arg","locations":[{"start":{"line":43,"column":18},"end":{"line":43,"column":26}}]},"6":{"loc":{"start":{"line":44,"column":4},"end":{"line":44,"column":23}},"type":"default-arg","locations":[{"start":{"line":44,"column":18},"end":{"line":44,"column":23}}]},"7":{"loc":{"start":{"line":46,"column":51},"end":{"line":46,"column":74}},"type":"binary-expr","locations":[{"start":{"line":46,"column":51},"end":{"line":46,"column":56}},{"start":{"line":46,"column":60},"end":{"line":46,"column":74}}]},"8":{"loc":{"start":{"line":57,"column":21},"end":{"line":57,"column":60}},"type":"cond-expr","locations":[{"start":{"line":57,"column":35},"end":{"line":57,"column":48}},{"start":{"line":57,"column":51},"end":{"line":57,"column":60}}]}},"s":{"0":0,"1":0,"2":0,"3":0,"4":0,"5":0,"6":0,"7":0,"8":0,"9":0,"10":0,"11":0,"12":0,"13":0,"14":0,"15":0,"16":0,"17":0,"18":0},"f":{"0":0,"1":0,"2":0,"3":0,"4":0,"5":0,"6":0},"b":{"0":[0,0],"1":[0,0],"2":[0,0],"3":[0,0],"4":[0],"5":[0],"6":[0],"7":[0,0],"8":[0,0]}}
,"C:\\Users\\delaf\\GitHub\\CineMatch-P2-Frontend\\src\\hooks\\use-sidebarJotai.ts": {"path":"C:\\Users\\delaf\\GitHub\\CineMatch-P2-Frontend\\src\\hooks\\use-sidebarJotai.ts","statementMap":{"0":{"start":{"line":1,"column":0},"end":{"line":1,"column":32}},"1":{"start":{"line":2,"column":0},"end":{"line":2,"column":46}},"2":{"start":{"line":3,"column":0},"end":{"line":3,"column":44}},"3":{"start":{"line":5,"column":16},"end":{"line":5,"column":45}},"4":{"start":{"line":7,"column":31},"end":{"line":22,"column":1}},"5":{"start":{"line":8,"column":32},"end":{"line":8,"column":48}},"6":{"start":{"line":9,"column":34},"end":{"line":9,"column":49}},"7":{"start":{"line":11,"column":4},"end":{"line":13,"column":null}},"8":{"start":{"line":12,"column":8},"end":{"line":12,"column":25}},"9":{"start":{"line":15,"column":19},"end":{"line":15,"column":51}},"10":{"start":{"line":15,"column":25},"end":{"line":15,"column":51}},"11":{"start":{"line":15,"column":45},"end":{"line":15,"column":50}},"12":{"start":{"line":17,"column":4},"end":{"line":21,"column":null}},"13":{"start":{"line":7,"column":13},"end":{"line":7,"column":31}}},"fnMap":{"0":{"name":"(anonymous_0)","decl":{"start":{"line":7,"column":31},"end":{"line":7,"column":34}},"loc":{"start":{"line":7,"column":36},"end":{"line":22,"column":1}}},"1":{"name":"(anonymous_1)","decl":{"start":{"line":11,"column":14},"end":{"line":11,"column":17}},"loc":{"start":{"line":11,"column":19},"end":{"line":13,"column":5}}},"2":{"name":"(anonymous_2)","decl":{"start":{"line":15,"column":19},"end":{"line":15,"column":22}},"loc":{"start":{"line":15,"column":25},"end":{"line":15,"column":51}}},"3":{"name":"(anonymous_3)","decl":{"start":{"line":15,"column":35},"end":{"line":15,"column":36}},"loc":{"start":{"line":15,"column":45},"end":{"line":15,"column":50}}}},"branchMap":{},"s":{"0":0,"1":0,"2":0,"3":0,"4":0,"5":0,"6":0,"7":0,"8":0,"9":0,"10":0,"11":0,"12":0,"13":0},"f":{"0":0,"1":0,"2":0,"3":0},"b":{}}
,"C:\\Users\\delaf\\GitHub\\CineMatch-P2-Frontend\\src\\lib\\utils.ts": {"path":"C:\\Users\\delaf\\GitHub\\CineMatch-P2-Frontend\\src\\lib\\utils.ts","statementMap":{"0":{"start":{"line":4,"column":0},"end":{"line":4,"column":16}},"1":{"start":{"line":1,"column":0},"end":{"line":1,"column":44}},"2":{"start":{"line":2,"column":0},"end":{"line":2,"column":40}},"3":{"start":{"line":5,"column":2},"end":{"line":5,"column":null}}},"fnMap":{"0":{"name":"cn","decl":{"start":{"line":4,"column":16},"end":{"line":4,"column":18}},"loc":{"start":{"line":4,"column":42},"end":{"line":6,"column":1}}}},"branchMap":{},"s":{"0":0,"1":0,"2":0,"3":0},"f":{"0":0},"b":{}}
,"C:\\Users\\delaf\\GitHub\\CineMatch-P2-Frontend\\src\\routes\\__root.tsx": {"path":"C:\\Users\\delaf\\GitHub\\CineMatch-P2-Frontend\\src\\routes\\__root.tsx","statementMap":{"0":{"start":{"line":1,"column":0},"end":{"line":1,"column":64}},"1":{"start":{"line":2,"column":0},"end":{"line":2,"column":null}},"2":{"start":{"line":6,"column":0},"end":{"line":6,"column":32}},"3":{"start":{"line":8,"column":20},"end":{"line":8,"column":37}},"4":{"start":{"line":10,"column":13},"end":{"line":19,"column":null}},"5":{"start":{"line":12,"column":4},"end":{"line":16,"column":null}}},"fnMap":{"0":{"name":"(anonymous_0)","decl":{"start":{"line":11,"column":13},"end":{"line":11,"column":16}},"loc":{"start":{"line":12,"column":4},"end":{"line":16,"column":null}}}},"branchMap":{},"s":{"0":0,"1":0,"2":0,"3":0,"4":0,"5":0},"f":{"0":0},"b":{}}
,"C:\\Users\\delaf\\GitHub\\CineMatch-P2-Frontend\\src\\routes\\(public)\\_public.register.tsx": {"path":"C:\\Users\\delaf\\GitHub\\CineMatch-P2-Frontend\\src\\routes\\(public)\\_public.register.tsx","statementMap":{"0":{"start":{"line":32,"column":0},"end":{"line":32,"column":16}},"1":{"start":{"line":1,"column":0},"end":{"line":1,"column":97}},"2":{"start":{"line":2,"column":0},"end":{"line":2,"column":62}},"3":{"start":{"line":3,"column":0},"end":{"line":3,"column":51}},"4":{"start":{"line":4,"column":0},"end":{"line":4,"column":53}},"5":{"start":{"line":5,"column":0},"end":{"line":5,"column":47}},"6":{"start":{"line":6,"column":0},"end":{"line":6,"column":null}},"7":{"start":{"line":15,"column":0},"end":{"line":15,"column":45}},"8":{"start":{"line":16,"column":0},"end":{"line":16,"column":null}},"9":{"start":{"line":24,"column":0},"end":{"line":24,"column":64}},"10":{"start":{"line":25,"column":0},"end":{"line":25,"column":85}},"11":{"start":{"line":26,"column":0},"end":{"line":26,"column":61}},"12":{"start":{"line":28,"column":13},"end":{"line":30,"column":null}},"13":{"start":{"line":33,"column":35},"end":{"line":33,"column":48}},"14":{"start":{"line":34,"column":15},"end":{"line":41,"column":4}},"15":{"start":{"line":43,"column":19},"end":{"line":43,"column":72}},"16":{"start":{"line":44,"column":73},"end":{"line":44,"column":104}},"17":{"start":{"line":47,"column":4},"end":{"line":47,"column":25}},"18":{"start":{"line":50,"column":2},"end":{"line":119,"column":null}},"19":{"start":{"line":63,"column":16},"end":{"line":71,"column":null}},"20":{"start":{"line":80,"column":16},"end":{"line":92,"column":null}},"21":{"start":{"line":101,"column":16},"end":{"line":106,"column":null}}},"fnMap":{"0":{"name":"Register","decl":{"start":{"line":32,"column":16},"end":{"line":32,"column":24}},"loc":{"start":{"line":32,"column":24},"end":{"line":120,"column":1}}},"1":{"name":"onSubmit","decl":{"start":{"line":46,"column":11},"end":{"line":46,"column":19}},"loc":{"start":{"line":46,"column":46},"end":{"line":48,"column":3}}},"2":{"name":"(anonymous_2)","decl":{"start":{"line":62,"column":22},"end":{"line":62,"column":23}},"loc":{"start":{"line":63,"column":16},"end":{"line":71,"column":null}}},"3":{"name":"(anonymous_3)","decl":{"start":{"line":79,"column":22},"end":{"line":79,"column":23}},"loc":{"start":{"line":80,"column":16},"end":{"line":92,"column":null}}},"4":{"name":"(anonymous_4)","decl":{"start":{"line":100,"column":22},"end":{"line":100,"column":23}},"loc":{"start":{"line":101,"column":16},"end":{"line":106,"column":null}}}},"branchMap":{},"s":{"0":0,"1":0,"2":0,"3":0,"4":0,"5":0,"6":0,"7":0,"8":0,"9":0,"10":0,"11":0,"12":0,"13":0,"14":0,"15":0,"16":0,"17":0,"18":0,"19":0,"20":0,"21":0},"f":{"0":0,"1":0,"2":0,"3":0,"4":0},"b":{}}
}
